+-------------------------------------------------------------------------------------------------------------------------------------------------------------------------------------------------------------------------------------------------------------------------------------------------------------------------------------------------------------------------------------------------------------------------------------------------------------------------------------------------------------------------------------------------------------------------------------------------------------------------------------------------------------------------------------------------------------------------------------------------------------------------------------------------------------------------------------------------------------------------------------------------------------------------------------------------------------------+
| EXPLAIN                                                                                                                                                                                                                                                                                                                                                                                                                                                                                                                                                                                                                                                                                                                                                                                                                                                                                                                                                           |
+-------------------------------------------------------------------------------------------------------------------------------------------------------------------------------------------------------------------------------------------------------------------------------------------------------------------------------------------------------------------------------------------------------------------------------------------------------------------------------------------------------------------------------------------------------------------------------------------------------------------------------------------------------------------------------------------------------------------------------------------------------------------------------------------------------------------------------------------------------------------------------------------------------------------------------------------------------------------+
| -> Limit: 15 row(s)  (actual time=1.13..1.13 rows=10 loops=1)
    -> Sort: stdev_high DESC  (actual time=1.12..1.13 rows=10 loops=1)
        -> Filter: (days >= 30)  (actual time=1.1..1.11 rows=10 loops=1)
            -> Table scan on <temporary>  (actual time=1.1..1.1 rows=10 loops=1)
                -> Aggregate using temporary table  (actual time=1.1..1.1 rows=10 loops=1)
                    -> Nested loop inner join  (cost=312 rows=333) (actual time=0.129..0.684 rows=340 loops=1)
                        -> Filter: (w.observed_on >= <cache>(('2025-08-05' - interval 30 day)))  (cost=102 rows=333) (actual time=0.105..0.526 rows=340 loops=1)
                            -> Table scan on w  (cost=102 rows=1000) (actual time=0.0908..0.459 rows=1000 loops=1)
                        -> Single-row index lookup on l using PRIMARY (location_id=w.location_id)  (cost=0.53 rows=1) (actual time=277e-6..306e-6 rows=1 loops=340)
 |
+-------------------------------------------------------------------------------------------------------------------------------------------------------------------------------------------------------------------------------------------------------------------------------------------------------------------------------------------------------------------------------------------------------------------------------------------------------------------------------------------------------------------------------------------------------------------------------------------------------------------------------------------------------------------------------------------------------------------------------------------------------------------------------------------------------------------------------------------------------------------------------------------------------------------------------------------------------------------+
1 row in set (0.004 sec)

Query OK, 0 rows affected (0.079 sec)
Records: 0  Duplicates: 0  Warnings: 0

+------------------------------------------------------------------------------------------------------------------------------------------------------------------------------------------------------------------------------------------------------------------------------------------------------------------------------------------------------------------------------------------------------------------------------------------------------------------------------------------------------------------------------------------------------------------------------------------------------------------------------------------------------------------------------------------------------------------------------------------------------------------------------------------------------------------------------------------------------------------------------------------------------------------------------------------------------------------------+
| EXPLAIN                                                                                                                                                                                                                                                                                                                                                                                                                                                                                                                                                                                                                                                                                                                                                                                                                                                                                                                                                                |
+------------------------------------------------------------------------------------------------------------------------------------------------------------------------------------------------------------------------------------------------------------------------------------------------------------------------------------------------------------------------------------------------------------------------------------------------------------------------------------------------------------------------------------------------------------------------------------------------------------------------------------------------------------------------------------------------------------------------------------------------------------------------------------------------------------------------------------------------------------------------------------------------------------------------------------------------------------------------+
| -> Limit: 15 row(s)  (actual time=1.15..1.16 rows=10 loops=1)
    -> Sort: stdev_high DESC  (actual time=1.15..1.15 rows=10 loops=1)
        -> Filter: (days >= 30)  (actual time=1.13..1.13 rows=10 loops=1)
            -> Table scan on <temporary>  (actual time=1.13..1.13 rows=10 loops=1)
                -> Aggregate using temporary table  (actual time=1.13..1.13 rows=10 loops=1)
                    -> Nested loop inner join  (cost=312 rows=333) (actual time=0.133..0.704 rows=340 loops=1)
                        -> Filter: (w.observed_on >= <cache>(('2025-08-05' - interval 30 day)))  (cost=102 rows=333) (actual time=0.111..0.545 rows=340 loops=1)
                            -> Table scan on w  (cost=102 rows=1000) (actual time=0.0965..0.477 rows=1000 loops=1)
                        -> Single-row index lookup on l using PRIMARY (location_id=w.location_id)  (cost=0.53 rows=1) (actual time=277e-6..307e-6 rows=1 loops=340)
 |
+------------------------------------------------------------------------------------------------------------------------------------------------------------------------------------------------------------------------------------------------------------------------------------------------------------------------------------------------------------------------------------------------------------------------------------------------------------------------------------------------------------------------------------------------------------------------------------------------------------------------------------------------------------------------------------------------------------------------------------------------------------------------------------------------------------------------------------------------------------------------------------------------------------------------------------------------------------------------+
1 row in set (0.003 sec)

Query OK, 0 rows affected (0.038 sec)
Records: 0  Duplicates: 0  Warnings: 0

Query OK, 0 rows affected (0.427 sec)
Records: 0  Duplicates: 0  Warnings: 0

+-------------------------------------------------------------------------------------------------------------------------------------------------------------------------------------------------------------------------------------------------------------------------------------------------------------------------------------------------------------------------------------------------------------------------------------------------------------------------------------------------------------------------------------------------------------------------------------------------------------------------------------------------------------------------------------------------------------------------------------------------------------------------------------------------------------------------------------------------------------------------------------------------------------------------------------------------------------------------------+
| EXPLAIN                                                                                                                                                                                                                                                                                                                                                                                                                                                                                                                                                                                                                                                                                                                                                                                                                                                                                                                                                                       |
+-------------------------------------------------------------------------------------------------------------------------------------------------------------------------------------------------------------------------------------------------------------------------------------------------------------------------------------------------------------------------------------------------------------------------------------------------------------------------------------------------------------------------------------------------------------------------------------------------------------------------------------------------------------------------------------------------------------------------------------------------------------------------------------------------------------------------------------------------------------------------------------------------------------------------------------------------------------------------------+
| -> Limit: 15 row(s)  (actual time=0.769..0.77 rows=10 loops=1)
    -> Sort: stdev_high DESC  (actual time=0.768..0.769 rows=10 loops=1)
        -> Filter: (days >= 30)  (actual time=0.741..0.744 rows=10 loops=1)
            -> Table scan on <temporary>  (actual time=0.74..0.742 rows=10 loops=1)
                -> Aggregate using temporary table  (actual time=0.739..0.739 rows=10 loops=1)
                    -> Nested loop inner join  (cost=218 rows=333) (actual time=0.0636..0.45 rows=340 loops=1)
                        -> Filter: (w.observed_on >= <cache>(('2025-08-05' - interval 30 day)))  (cost=102 rows=333) (actual time=0.0526..0.318 rows=340 loops=1)
                            -> Table scan on w  (cost=102 rows=1000) (actual time=0.042..0.26 rows=1000 loops=1)
                        -> Single-row index lookup on l using PRIMARY (location_id=w.location_id)  (cost=0.25 rows=1) (actual time=206e-6..234e-6 rows=1 loops=340)
 |
+-------------------------------------------------------------------------------------------------------------------------------------------------------------------------------------------------------------------------------------------------------------------------------------------------------------------------------------------------------------------------------------------------------------------------------------------------------------------------------------------------------------------------------------------------------------------------------------------------------------------------------------------------------------------------------------------------------------------------------------------------------------------------------------------------------------------------------------------------------------------------------------------------------------------------------------------------------------------------------+
1 row in set (0.003 sec)

Query OK, 0 rows affected (0.032 sec)
Records: 0  Duplicates: 0  Warnings: 0

Query OK, 0 rows affected (0.052 sec)
Records: 0  Duplicates: 0  Warnings: 0

+------------------------------------------------------------------------------------------------------------------------------------------------------------------------------------------------------------------------------------------------------------------------------------------------------------------------------------------------------------------------------------------------------------------------------------------------------------------------------------------------------------------------------------------------------------------------------------------------------------------------------------------------------------------------------------------------------------------------------------------------------------------------------------------------------------------------------------------------------------------------------------------------------------------------------------------------------------------------------------+
| EXPLAIN                                                                                                                                                                                                                                                                                                                                                                                                                                                                                                                                                                                                                                                                                                                                                                                                                                                                                                                                                                            |
+------------------------------------------------------------------------------------------------------------------------------------------------------------------------------------------------------------------------------------------------------------------------------------------------------------------------------------------------------------------------------------------------------------------------------------------------------------------------------------------------------------------------------------------------------------------------------------------------------------------------------------------------------------------------------------------------------------------------------------------------------------------------------------------------------------------------------------------------------------------------------------------------------------------------------------------------------------------------------------+
| -> Limit: 15 row(s)  (actual time=0.839..0.841 rows=10 loops=1)
    -> Sort: stdev_high DESC  (actual time=0.838..0.839 rows=10 loops=1)
        -> Filter: (days >= 30)  (actual time=0.824..0.827 rows=10 loops=1)
            -> Table scan on <temporary>  (actual time=0.822..0.824 rows=10 loops=1)
                -> Aggregate using temporary table  (actual time=0.821..0.821 rows=10 loops=1)
                    -> Nested loop inner join  (cost=218 rows=333) (actual time=0.0718..0.507 rows=340 loops=1)
                        -> Filter: (w.observed_on >= <cache>(('2025-08-05' - interval 30 day)))  (cost=102 rows=333) (actual time=0.0595..0.374 rows=340 loops=1)
                            -> Table scan on w  (cost=102 rows=1000) (actual time=0.0491..0.295 rows=1000 loops=1)
                        -> Single-row index lookup on l using PRIMARY (location_id=w.location_id)  (cost=0.25 rows=1) (actual time=205e-6..234e-6 rows=1 loops=340)
 |
+------------------------------------------------------------------------------------------------------------------------------------------------------------------------------------------------------------------------------------------------------------------------------------------------------------------------------------------------------------------------------------------------------------------------------------------------------------------------------------------------------------------------------------------------------------------------------------------------------------------------------------------------------------------------------------------------------------------------------------------------------------------------------------------------------------------------------------------------------------------------------------------------------------------------------------------------------------------------------------+
1 row in set (0.003 sec)

Query OK, 0 rows affected (0.027 sec)
Records: 0  Duplicates: 0  Warnings: 0

